<?xml version="1.0" encoding="UTF-8"?>
<testng-results ignored="0" total="1" passed="1" failed="0" skipped="0">
  <reporter-output>
  </reporter-output>
  <suite started-at="2026-03-17T14:15:11 IST" name="Default suite" finished-at="2026-03-17T14:15:16 IST" duration-ms="4723">
    <groups>
    </groups>
    <test started-at="2026-03-17T14:15:11 IST" name="Default test" finished-at="2026-03-17T14:15:16 IST" duration-ms="4723">
      <class name="com.tutorialsninja.qa.testcases.Login">
        <test-method is-config="true" signature="setUp()[pri:0, instance:com.tutorialsninja.qa.testcases.Login@e350b40]" started-at="2026-03-17T14:15:11 IST" name="setUp" finished-at="2026-03-17T14:15:14 IST" duration-ms="3104" status="PASS">
          <reporter-output>
          </reporter-output>
        </test-method> <!-- setUp -->
        <test-method signature="verifyLoginWithValidCredentials()[pri:0, instance:com.tutorialsninja.qa.testcases.Login@e350b40]" started-at="2026-03-17T14:15:14 IST" name="verifyLoginWithValidCredentials" finished-at="2026-03-17T14:15:16 IST" duration-ms="1375" status="PASS">
          <reporter-output>
          </reporter-output>
        </test-method> <!-- verifyLoginWithValidCredentials -->
        <test-method is-config="true" signature="tearDown()[pri:0, instance:com.tutorialsninja.qa.testcases.Login@e350b40]" started-at="2026-03-17T14:15:16 IST" name="tearDown" finished-at="2026-03-17T14:15:16 IST" duration-ms="193" status="PASS">
          <reporter-output>
          </reporter-output>
        </test-method> <!-- tearDown -->
      </class> <!-- com.tutorialsninja.qa.testcases.Login -->
    </test> <!-- Default test -->
  </suite> <!-- Default suite -->
</testng-results>
